<?xml version="1.0" encoding="UTF-8"?>
<testsuite xmlns:xsi="http://www.w3.org/2001/XMLSchema-instance" xsi:noNamespaceSchemaLocation="https://maven.apache.org/surefire/maven-surefire-plugin/xsd/surefire-test-report-3.0.xsd" version="3.0" name="TestSuite" time="80.59" tests="6" errors="0" skipped="0" failures="1">
  <properties>
[...]
</properties>
  <testcase name="testUserRegistration" classname="com.qa.testcases.SignUpTests" time="4.288"/>
  <testcase name="TC_SignUp_02_UnsuccessfulSignUpWithEmptyMandatoryFields" classname="com.qa.testcases.SignUpTests" time="1.743"/>
  <testcase name="TC_SignUp_03_UnsuccessfulSignUpWithInvalidEmailFormat" classname="com.qa.testcases.SignUpTests" time="2.122"/>
  <testcase name="TC_SignUp_04_UnsuccessfulSignUpWithWeakPassword" classname="com.qa.testcases.SignUpTests" time="2.066"/>
  <testcase name="TC_SignUp_05_UnsuccessfulSignUpWithMismatchedPassword" classname="com.qa.testcases.SignUpTests" time="2.261"/>
  <testcase name="TC_SignUp_06_SuccessfulRegistration" classname="com.qa.testcases.SignUpTests" time="24.646">
    <failure message="Expected condition failed: waiting for presence of element located by: By.className: message-success (tried for 20 second(s) with 500 milliseconds interval)" type="org.openqa.selenium.TimeoutException"><![CDATA[org.openqa.selenium.TimeoutException: Expected condition failed: waiting for presence of element located by: By.className: message-success (tried for 20 second(s) with 500 milliseconds interval)
	at com.qa.testcases.SignUpTests.TC_SignUp_06_SuccessfulRegistration(SignUpTests.java:96)
Caused by: org.openqa.selenium.NoSuchElementException: 
no such element: Unable to locate element: {"method":"css selector","selector":".message\-success"}
  (Session info: chrome=127.0.6533.90)
For documentation on this error, please visit: https://www.selenium.dev/documentation/webdriver/troubleshooting/errors#no-such-element-exception
Build info: version: '4.23.0', revision: '4df0a231af'
System info: os.name: 'Windows 10', os.arch: 'amd64', os.version: '10.0', java.version: '17.0.11'
Driver info: org.openqa.selenium.chrome.ChromeDriver
Command: [25554ced94475e008b49c928189c13c3, findElement {value=message-success, using=class name}]
Capabilities {acceptInsecureCerts: false, browserName: chrome, browserVersion: 127.0.6533.90, chrome: {chromedriverVersion: 127.0.6533.72 (9755e24ca85a..., userDataDir: C:\Windows\SystemTemp\scope...}, fedcm:accounts: true, goog:chromeOptions: {debuggerAddress: localhost:61166}, networkConnectionEnabled: false, pageLoadStrategy: normal, platformName: windows, proxy: Proxy(), se:cdp: ws://localhost:61166/devtoo..., se:cdpVersion: 127.0.6533.90, setWindowRect: true, strictFileInteractability: false, timeouts: {implicit: 0, pageLoad: 300000, script: 30000}, unhandledPromptBehavior: dismiss and notify, webauthn:extension:credBlob: true, webauthn:extension:largeBlob: true, webauthn:extension:minPinLength: true, webauthn:extension:prf: true, webauthn:virtualAuthenticators: true}
Session ID: 25554ced94475e008b49c928189c13c3
	at com.qa.testcases.SignUpTests.TC_SignUp_06_SuccessfulRegistration(SignUpTests.java:96)
]]></failure>
  </testcase>
</testsuite>